SF:lib/src/vscode_theme.dart
DA:7,1
DA:9,2
DA:10,0
DA:14,1
DA:23,1
DA:30,1
DA:31,1
DA:32,2
DA:33,1
DA:34,2
DA:35,1
DA:36,1
DA:37,1
DA:41,1
DA:42,1
DA:43,1
DA:47,2
DA:51,1
DA:52,2
DA:53,2
DA:54,3
DA:61,0
DA:62,0
DA:68,1
DA:70,1
DA:73,1
DA:74,1
DA:75,2
DA:77,1
DA:78,4
DA:79,1
DA:81,0
DA:82,0
DA:87,1
DA:90,3
DA:91,2
DA:93,1
DA:100,1
DA:111,1
DA:112,1
DA:115,5
DA:118,1
DA:119,4
DA:122,1
DA:123,4
DA:126,1
DA:127,4
DA:130,6
DA:136,1
DA:138,1
DA:141,1
DA:142,1
DA:143,1
DA:145,0
DA:146,0
DA:147,0
DA:153,1
DA:155,1
DA:170,1
DA:171,1
DA:177,1
DA:179,1
DA:182,1
DA:183,1
DA:184,2
DA:185,1
DA:186,0
DA:187,1
DA:188,2
DA:189,0
DA:190,0
DA:191,0
DA:192,0
DA:202,1
DA:204,4
DA:216,1
DA:227,1
DA:228,1
DA:230,4
DA:231,1
DA:232,3
DA:233,0
DA:234,0
DA:235,0
DA:236,0
DA:242,1
DA:244,1
DA:246,1
DA:249,1
DA:250,2
DA:251,2
DA:252,1
DA:253,1
DA:254,0
DA:255,1
DA:256,2
DA:257,1
DA:258,2
DA:259,0
DA:260,0
DA:261,0
DA:269,1
DA:271,2
DA:273,1
DA:274,1
DA:275,1
DA:276,1
DA:277,1
DA:278,1
DA:279,2
DA:281,2
DA:289,1
DA:306,1
DA:307,1
DA:310,1
DA:311,1
DA:312,1
DA:313,0
DA:314,0
DA:315,0
DA:318,0
DA:319,0
DA:322,1
DA:326,1
DA:327,2
DA:328,0
DA:329,0
DA:332,0
DA:333,0
DA:334,0
DA:335,0
DA:338,0
DA:339,0
DA:340,0
DA:341,0
DA:348,1
DA:349,3
DA:350,1
DA:351,1
DA:352,1
DA:354,1
DA:355,1
DA:356,1
DA:359,2
DA:360,1
DA:361,1
DA:362,2
DA:363,2
LF:148
LH:112
end_of_record
SF:lib/src/vscode_theme.g.dart
DA:9,0
DA:10,0
DA:12,0
DA:13,0
DA:14,0
DA:18,0
DA:19,0
DA:21,1
DA:22,1
DA:23,1
DA:24,1
DA:25,1
DA:26,1
DA:27,2
DA:28,2
DA:31,1
DA:33,1
DA:34,1
DA:35,1
DA:36,1
DA:37,1
DA:38,2
DA:39,2
DA:42,1
DA:43,1
DA:44,1
DA:45,2
DA:46,1
DA:48,2
DA:51,1
DA:53,1
DA:54,1
DA:55,2
DA:56,2
DA:59,1
DA:61,1
DA:62,1
DA:63,1
DA:64,1
DA:65,1
DA:66,1
DA:67,1
DA:70,1
DA:72,1
DA:73,1
DA:74,1
DA:75,1
DA:76,1
DA:77,1
DA:78,1
DA:81,2
DA:82,1
DA:83,1
DA:84,1
DA:85,1
DA:86,1
DA:88,2
DA:89,2
DA:92,1
DA:94,2
DA:95,1
DA:97,1
DA:98,1
DA:102,1
DA:103,1
DA:104,1
DA:105,1
DA:106,1
DA:107,1
DA:108,1
DA:109,1
DA:110,1
DA:111,1
DA:113,1
DA:114,1
LF:75
LH:68
end_of_record
