SF:lib/src/errors/document_exception.dart
DA:12,9
DA:14,2
DA:16,8
DA:21,1
DA:26,4
DA:31,1
DA:36,8
DA:45,0
LF:8
LH:7
end_of_record
SF:lib/src/lifecycle/disposable.dart
DA:20,14
DA:21,14
DA:24,13
DA:26,13
DA:27,7
DA:28,21
DA:32,18
DA:35,18
LF:8
LH:8
end_of_record
SF:lib/src/isolate/direct_document_session.dart
DA:24,0
DA:26,0
DA:30,0
DA:34,0
DA:37,0
DA:38,0
DA:40,0
DA:41,0
DA:43,0
DA:44,0
DA:46,0
DA:48,0
DA:49,0
DA:52,0
DA:54,0
DA:55,0
DA:58,0
DA:59,0
DA:61,0
DA:62,0
DA:64,0
DA:65,0
DA:67,0
DA:69,0
DA:70,0
DA:71,0
DA:73,0
DA:76,0
DA:78,0
DA:79,0
DA:80,0
DA:82,0
DA:83,0
DA:86,0
DA:88,0
DA:89,0
DA:90,0
DA:91,0
DA:96,0
DA:101,0
DA:102,0
DA:106,0
DA:107,0
DA:108,0
DA:109,0
DA:111,0
DA:114,0
DA:116,0
DA:117,0
DA:121,0
DA:122,0
DA:123,0
DA:124,0
DA:129,0
DA:131,0
DA:134,0
DA:141,0
DA:142,0
DA:143,0
DA:145,0
DA:153,0
DA:155,0
DA:156,0
DA:157,0
DA:160,0
DA:162,0
DA:163,0
DA:164,0
DA:167,0
DA:169,0
DA:170,0
DA:171,0
DA:174,0
DA:176,0
DA:177,0
DA:178,0
LF:76
LH:0
end_of_record
SF:lib/src/isolate/document_isolate_worker.dart
DA:17,4
DA:22,3
DA:23,6
DA:25,2
DA:30,3
DA:31,6
DA:32,6
DA:33,12
DA:34,0
DA:38,3
DA:40,12
DA:44,4
DA:45,8
DA:46,4
DA:48,4
DA:49,8
DA:54,4
DA:55,4
DA:56,4
DA:57,4
DA:58,4
DA:60,4
DA:61,4
DA:62,4
DA:63,4
DA:64,4
DA:65,4
DA:68,1
DA:70,2
DA:71,1
DA:74,1
DA:75,2
DA:77,1
DA:78,1
DA:82,1
DA:83,2
DA:85,0
DA:86,0
DA:92,8
DA:93,4
DA:96,4
DA:97,4
DA:98,8
DA:99,0
DA:101,4
DA:104,8
DA:110,4
DA:111,2
DA:113,4
DA:114,2
DA:118,6
DA:120,2
DA:121,2
DA:125,8
DA:126,4
DA:127,4
DA:129,4
DA:130,4
DA:131,4
DA:134,4
DA:135,4
DA:136,4
DA:139,1
DA:140,0
DA:141,0
DA:142,0
DA:144,0
DA:145,0
DA:150,1
DA:151,1
DA:152,0
DA:156,1
DA:158,1
DA:159,1
DA:162,2
DA:164,2
DA:166,1
DA:167,1
DA:168,0
DA:172,1
DA:174,1
DA:175,1
DA:178,2
DA:180,1
DA:181,1
DA:182,0
DA:186,1
DA:188,1
DA:189,1
DA:192,1
DA:193,1
DA:196,1
DA:197,3
DA:198,0
DA:199,0
DA:207,1
DA:208,1
DA:209,3
DA:210,4
DA:212,0
DA:215,1
DA:216,0
DA:217,0
DA:223,0
DA:224,0
DA:229,1
DA:230,2
DA:232,1
DA:233,0
DA:234,1
DA:235,1
DA:236,1
DA:237,1
DA:242,0
DA:243,0
DA:246,2
DA:248,0
DA:251,2
DA:252,2
DA:255,0
DA:257,0
DA:259,0
DA:261,2
DA:263,2
DA:264,2
DA:268,2
DA:269,4
DA:272,2
DA:273,2
DA:276,1
DA:277,1
DA:278,0
DA:281,1
DA:283,1
DA:285,1
DA:291,1
DA:292,1
DA:296,1
DA:297,2
DA:300,1
DA:301,1
DA:304,1
DA:305,1
DA:306,0
DA:309,1
DA:310,1
DA:311,1
DA:314,1
DA:315,1
DA:316,0
DA:318,1
DA:321,1
DA:322,1
DA:325,0
DA:326,0
DA:327,0
DA:330,0
DA:331,0
DA:332,0
DA:335,4
DA:336,4
DA:337,4
DA:339,8
DA:340,4
DA:344,1
DA:345,2
DA:349,1
DA:350,1
DA:351,1
DA:352,1
DA:353,1
LF:171
LH:136
end_of_record
SF:lib/src/isolate/document_session.dart
DA:42,1
DA:46,2
DA:47,1
DA:48,0
DA:50,1
LF:5
LH:4
end_of_record
SF:lib/src/isolate/isolate_document_session.dart
DA:15,16
DA:43,4
DA:64,4
DA:68,12
DA:69,4
DA:70,4
DA:72,4
DA:73,4
DA:76,4
DA:77,4
DA:81,8
DA:82,4
DA:83,4
DA:84,4
DA:86,4
DA:87,8
DA:88,4
DA:89,4
DA:90,1
DA:92,1
DA:93,0
DA:94,0
DA:95,1
DA:96,0
DA:97,1
DA:99,1
DA:102,0
DA:103,0
DA:104,0
DA:107,8
DA:108,2
DA:109,2
DA:110,2
DA:111,2
DA:112,4
DA:113,2
DA:114,2
DA:115,2
DA:116,0
DA:117,8
DA:125,8
DA:128,12
DA:130,0
DA:131,0
DA:135,0
DA:136,0
DA:137,0
DA:138,0
DA:141,4
DA:142,4
DA:143,4
DA:145,4
DA:146,4
DA:151,4
DA:153,2
DA:154,1
DA:158,1
DA:159,1
DA:160,1
DA:161,1
DA:162,0
DA:165,4
DA:167,4
DA:178,8
DA:179,4
DA:181,4
DA:199,0
DA:200,0
DA:201,0
DA:203,0
DA:204,0
DA:205,0
DA:206,0
DA:211,0
DA:212,0
DA:213,0
DA:214,0
DA:215,0
DA:216,0
DA:217,0
DA:220,0
DA:221,0
DA:222,0
DA:223,0
DA:224,0
DA:225,0
DA:226,0
DA:227,0
DA:228,0
DA:229,0
DA:233,3
DA:236,3
DA:237,1
DA:240,6
DA:241,3
DA:242,6
DA:243,3
DA:244,6
DA:245,3
DA:249,1
DA:251,1
DA:252,1
DA:253,1
DA:255,1
DA:256,1
DA:257,0
DA:262,1
DA:264,1
DA:265,2
DA:270,1
DA:271,1
DA:272,0
DA:273,0
DA:278,1
DA:280,1
DA:281,2
DA:286,1
DA:287,1
DA:288,0
DA:289,0
DA:294,1
DA:299,1
DA:300,2
DA:306,1
DA:307,1
DA:308,0
DA:313,2
DA:315,2
DA:316,4
DA:322,2
DA:323,6
DA:324,0
DA:329,1
DA:336,1
DA:337,2
DA:345,1
DA:346,1
DA:347,2
DA:349,0
DA:353,0
DA:354,0
DA:359,1
DA:361,1
DA:362,2
DA:364,1
DA:365,1
DA:366,0
DA:371,1
DA:373,1
DA:374,2
DA:376,1
DA:377,1
DA:378,0
DA:383,0
DA:385,0
DA:386,0
DA:392,0
DA:393,0
DA:394,0
DA:398,4
DA:400,4
DA:401,16
DA:402,4
DA:404,8
DA:405,0
DA:406,0
DA:407,0
DA:412,0
DA:415,8
DA:416,4
DA:417,8
DA:420,12
DA:424,8
DA:427,8
DA:428,8
DA:429,8
LF:176
LH:116
end_of_record
SF:lib/src/logger/app_logger.dart
DA:9,10
DA:10,10
DA:12,10
DA:14,10
DA:15,30
DA:16,70
DA:17,60
DA:26,10
DA:27,10
DA:28,10
DA:29,10
DA:30,10
DA:31,10
DA:34,20
DA:36,10
DA:38,10
DA:41,20
DA:43,10
DA:46,10
DA:49,30
DA:53,0
DA:54,0
DA:55,10
DA:56,20
DA:57,10
DA:58,20
DA:59,1
DA:60,2
DA:61,1
DA:62,2
DA:63,0
DA:64,0
DA:66,10
DA:67,40
DA:71,10
DA:74,10
DA:75,30
DA:77,0
DA:78,0
DA:79,10
DA:80,30
DA:81,10
DA:82,30
DA:83,1
DA:84,3
DA:85,1
DA:86,3
DA:87,0
DA:88,0
LF:49
LH:41
end_of_record
SF:lib/src/metadata/document_metadata_extractor.dart
DA:21,1
DA:41,4
DA:43,0
DA:49,1
DA:54,3
DA:55,1
DA:57,1
DA:58,2
DA:59,1
DA:61,5
DA:62,3
DA:63,3
DA:64,0
DA:67,1
DA:68,1
DA:69,0
DA:72,1
DA:74,1
DA:75,1
DA:76,0
DA:78,0
DA:83,0
DA:84,0
DA:91,1
DA:93,0
DA:94,0
DA:99,1
DA:100,0
DA:101,0
DA:103,0
DA:110,1
DA:112,0
DA:119,2
DA:120,1
DA:123,1
DA:128,1
DA:131,1
DA:132,1
DA:133,1
DA:134,1
DA:137,1
LF:41
LH:28
end_of_record
SF:lib/src/models/page_size.dart
DA:6,3
DA:11,0
DA:12,0
DA:13,0
DA:16,0
DA:17,0
DA:20,6
LF:7
LH:2
end_of_record
SF:lib/src/models/outline_item.dart
DA:6,8
DA:17,0
DA:19,0
LF:3
LH:1
end_of_record
SF:lib/src/models/transform_context.dart
DA:17,0
DA:18,0
DA:19,0
DA:20,0
DA:21,0
DA:22,0
DA:23,0
DA:24,0
DA:25,0
DA:28,0
DA:29,0
DA:30,0
DA:31,0
DA:32,0
DA:33,0
DA:34,0
DA:35,0
DA:36,0
DA:37,0
LF:19
LH:0
end_of_record
SF:lib/src/models/page_coordinate.dart
DA:6,1
DA:16,0
DA:17,0
LF:3
LH:1
end_of_record
SF:lib/src/models/document_metadata.dart
DA:19,6
DA:31,6
LF:2
LH:2
end_of_record
SF:lib/src/models/tts_chunk.dart
DA:12,0
DA:13,0
DA:14,0
DA:15,0
DA:18,0
DA:19,0
DA:20,0
DA:21,0
DA:22,0
DA:29,4
DA:50,1
DA:65,1
DA:66,1
DA:83,0
DA:84,0
DA:87,0
DA:89,0
DA:90,0
DA:91,0
DA:92,0
DA:93,0
DA:94,0
DA:95,0
DA:96,0
DA:97,0
DA:98,0
DA:99,0
DA:100,0
DA:101,0
DA:103,0
DA:104,0
DA:105,0
DA:106,0
DA:108,0
DA:110,0
DA:113,0
DA:114,0
DA:115,0
DA:116,0
DA:117,0
DA:118,0
DA:119,0
DA:120,0
DA:121,0
DA:122,0
DA:123,0
DA:124,0
DA:125,0
DA:126,0
DA:127,0
DA:128,0
LF:51
LH:4
end_of_record
SF:lib/src/models/footnote_item.dart
DA:14,0
DA:15,0
DA:16,0
DA:17,0
DA:18,0
DA:19,0
DA:22,0
DA:23,0
DA:24,0
DA:25,0
DA:26,0
DA:27,0
DA:28,0
LF:13
LH:0
end_of_record
SF:lib/src/models/reading_anchor.dart
DA:11,0
DA:12,0
DA:14,0
DA:17,0
DA:18,0
DA:19,0
DA:20,0
LF:7
LH:0
end_of_record
SF:lib/src/models/models.g.dart
DA:9,0
DA:10,0
DA:11,0
DA:12,0
DA:13,0
DA:14,0
DA:15,0
DA:18,0
DA:19,0
DA:20,0
DA:21,0
DA:22,0
DA:23,0
DA:24,0
DA:27,0
DA:28,0
DA:29,0
DA:32,0
DA:33,0
DA:34,0
DA:37,0
DA:38,0
DA:39,0
DA:40,0
DA:43,0
DA:44,0
DA:45,0
DA:46,0
DA:49,0
DA:50,0
DA:51,0
DA:52,0
DA:53,0
DA:54,0
DA:55,0
DA:56,0
DA:58,0
DA:61,0
DA:62,0
DA:63,0
DA:64,0
DA:65,0
DA:66,0
DA:67,0
DA:68,0
DA:69,0
DA:72,0
DA:73,0
DA:74,0
DA:75,0
DA:78,0
DA:79,0
DA:80,0
DA:81,0
DA:82,0
DA:85,0
DA:86,0
DA:87,0
DA:88,0
DA:89,0
DA:90,0
DA:91,0
DA:92,0
DA:93,0
DA:94,0
DA:95,0
DA:96,0
DA:98,0
DA:99,0
DA:100,0
DA:102,0
DA:103,0
DA:106,0
DA:107,0
DA:108,0
DA:109,0
DA:110,0
DA:111,0
DA:112,0
DA:113,0
DA:114,0
DA:115,0
DA:116,0
DA:117,0
DA:118,0
DA:119,0
DA:120,0
LF:87
LH:0
end_of_record
SF:lib/src/pagination/page_slicer.dart
DA:5,4
DA:8,1
DA:13,2
DA:17,1
DA:22,1
DA:23,1
DA:25,1
DA:26,1
DA:27,1
DA:32,1
DA:35,2
DA:36,1
DA:38,1
DA:39,3
DA:40,1
DA:41,2
DA:43,1
DA:50,3
DA:55,0
DA:56,0
DA:62,0
DA:63,0
DA:66,0
DA:74,0
DA:80,0
DA:84,0
DA:85,0
DA:86,0
DA:89,0
LF:29
LH:18
end_of_record
SF:lib/src/pagination/pagination_coordinator.dart
DA:25,1
DA:26,1
DA:28,0
DA:29,3
DA:30,0
DA:31,0
DA:33,1
DA:38,1
DA:39,1
DA:40,2
DA:41,2
DA:42,2
DA:43,2
DA:44,1
DA:48,1
DA:49,1
DA:52,0
DA:56,0
DA:57,0
DA:58,0
DA:60,0
DA:61,0
DA:64,1
DA:72,2
DA:73,1
DA:74,3
DA:77,2
DA:78,2
DA:79,1
DA:80,1
DA:81,1
DA:84,1
DA:89,3
DA:90,3
DA:91,6
DA:96,0
DA:97,0
DA:98,0
DA:99,0
DA:102,0
DA:103,0
DA:104,0
DA:107,0
DA:109,0
DA:110,0
DA:111,0
DA:112,0
DA:119,0
DA:121,0
DA:122,0
DA:123,0
DA:125,0
DA:127,0
DA:131,1
DA:133,2
DA:134,0
DA:135,0
DA:137,2
DA:140,0
DA:142,0
DA:143,0
DA:144,0
DA:145,0
DA:148,0
DA:154,1
DA:155,2
DA:160,3
DA:162,0
DA:163,0
DA:164,0
DA:167,0
DA:168,0
DA:170,0
DA:172,0
DA:175,0
DA:176,0
DA:178,0
DA:181,0
DA:183,0
DA:184,0
DA:185,0
DA:186,0
DA:188,0
DA:189,0
DA:195,1
DA:196,1
DA:197,1
DA:198,3
DA:200,2
DA:201,1
DA:202,4
DA:203,1
DA:205,1
DA:209,1
DA:210,1
DA:225,0
DA:226,0
DA:227,0
DA:228,0
DA:229,0
DA:230,0
DA:233,0
DA:234,0
DA:235,0
DA:236,0
DA:237,0
DA:238,0
DA:239,0
DA:240,0
DA:244,0
DA:245,0
DA:248,0
DA:249,0
DA:250,0
DA:251,0
DA:252,0
DA:253,0
DA:256,1
DA:257,2
DA:259,2
DA:261,1
DA:262,2
DA:264,2
DA:265,3
DA:268,0
DA:269,0
DA:270,0
DA:272,0
DA:275,1
DA:277,3
DA:278,3
DA:280,1
DA:283,1
DA:284,2
DA:285,2
DA:286,1
DA:287,1
DA:288,1
DA:289,1
DA:290,1
DA:291,1
DA:292,1
DA:293,2
DA:294,2
LF:144
LH:66
end_of_record
SF:lib/src/readers/builtin_handlers.dart
DA:19,4
DA:21,6
DA:24,6
DA:26,18
DA:27,2
DA:28,0
DA:29,0
DA:30,0
DA:31,0
DA:32,0
DA:38,2
DA:40,2
DA:45,4
DA:47,7
DA:50,7
DA:52,21
DA:53,4
DA:54,6
DA:55,6
DA:56,4
DA:57,3
DA:58,3
DA:59,3
DA:68,1
DA:70,1
DA:75,4
DA:77,6
DA:80,5
DA:82,15
DA:83,2
DA:84,2
DA:85,0
DA:86,0
DA:87,0
DA:90,0
DA:94,1
DA:96,1
DA:101,4
DA:103,6
DA:106,4
DA:108,8
DA:109,8
DA:110,2
DA:112,0
DA:113,0
DA:114,0
DA:115,0
DA:116,0
DA:124,0
DA:126,0
DA:131,4
DA:133,6
DA:136,4
DA:138,8
DA:139,8
DA:140,2
DA:143,0
DA:144,0
DA:145,0
DA:146,0
DA:147,0
DA:148,0
DA:153,0
DA:155,0
DA:160,4
DA:162,6
DA:165,4
DA:167,8
DA:168,8
DA:169,2
DA:171,0
DA:172,0
DA:173,0
DA:174,0
DA:175,0
DA:176,0
DA:181,0
DA:183,0
DA:187,0
DA:188,0
DA:189,0
DA:190,0
DA:191,0
DA:196,4
DA:198,6
DA:201,4
DA:203,8
DA:204,12
DA:207,0
DA:209,0
DA:214,4
DA:216,6
DA:219,4
DA:221,8
DA:222,8
DA:225,2
DA:227,2
DA:232,4
DA:234,6
DA:237,2
DA:239,4
DA:240,3
DA:243,1
DA:245,1
DA:246,1
DA:247,0
DA:249,2
DA:250,1
DA:251,1
DA:252,1
DA:255,1
DA:259,1
DA:261,1
DA:262,4
DA:263,1
DA:264,1
DA:265,3
DA:266,2
LF:118
LH:78
end_of_record
SF:lib/src/readers/cbz_document_reader.dart
DA:20,16
DA:34,4
DA:42,4
DA:43,4
DA:46,2
DA:50,6
DA:51,2
DA:52,2
DA:53,0
DA:54,0
DA:57,4
DA:62,4
DA:64,0
DA:65,4
DA:67,0
DA:68,4
DA:70,0
DA:74,2
DA:80,0
DA:81,0
DA:88,2
DA:92,3
DA:97,12
DA:98,6
DA:103,6
DA:105,1
DA:108,3
DA:114,0
DA:115,0
DA:122,3
DA:125,4
DA:130,4
DA:131,4
DA:132,0
DA:133,0
DA:139,4
DA:141,4
DA:143,4
DA:144,1
DA:145,1
DA:147,1
DA:148,3
DA:149,1
DA:150,0
DA:151,0
DA:154,2
DA:155,1
DA:156,2
DA:157,2
DA:158,3
DA:159,1
DA:160,1
DA:161,1
DA:162,2
DA:163,1
DA:171,4
DA:172,8
DA:175,8
DA:176,12
DA:179,4
DA:190,3
DA:191,3
DA:193,3
DA:196,2
DA:197,2
DA:199,2
DA:200,2
DA:202,2
DA:203,2
DA:205,1
DA:206,4
DA:208,3
DA:209,6
DA:212,4
DA:214,2
DA:216,2
DA:217,8
DA:218,4
DA:221,6
DA:222,2
DA:223,2
DA:225,4
DA:232,4
DA:234,4
DA:235,8
DA:238,8
DA:240,8
DA:246,4
DA:247,4
DA:248,16
DA:249,0
DA:250,0
DA:252,0
DA:254,8
DA:257,8
DA:258,12
DA:259,4
DA:261,0
DA:262,0
DA:263,0
DA:266,8
DA:271,0
DA:273,2
DA:280,2
DA:283,1
DA:284,2
DA:286,4
DA:288,16
DA:289,4
DA:290,8
DA:291,8
DA:292,8
DA:293,8
LF:113
LH:93
end_of_record
SF:lib/src/readers/comic/comic_archive_adapter.dart
DA:25,5
DA:26,5
DA:27,5
DA:28,5
DA:29,5
DA:30,2
DA:31,2
DA:32,2
DA:33,2
DA:34,5
DA:35,10
DA:39,5
DA:40,10
DA:41,5
DA:42,0
DA:44,10
DA:48,4
DA:49,4
DA:50,4
DA:51,12
DA:52,0
DA:53,4
DA:55,8
DA:56,4
DA:57,4
DA:59,4
DA:60,4
DA:63,4
DA:64,4
DA:66,12
DA:67,4
DA:70,0
DA:73,4
DA:74,4
DA:75,4
DA:76,8
DA:77,4
DA:78,8
DA:91,4
DA:96,4
DA:99,2
DA:103,2
DA:104,2
DA:105,0
DA:108,2
DA:110,4
DA:115,2
DA:116,0
DA:117,0
DA:118,0
DA:119,0
DA:120,0
DA:121,0
DA:122,0
DA:123,0
DA:128,0
DA:129,0
DA:133,0
DA:134,0
DA:135,0
DA:142,3
DA:147,6
DA:152,3
DA:153,0
DA:154,0
DA:155,0
DA:156,0
DA:157,0
DA:158,0
DA:159,0
DA:164,0
DA:165,0
DA:169,0
DA:170,0
DA:176,4
DA:180,4
DA:181,4
DA:184,8
DA:185,4
DA:186,8
DA:187,4
DA:188,8
DA:190,8
DA:191,4
DA:192,2
DA:194,1
DA:196,1
DA:203,4
DA:207,4
DA:209,4
DA:217,4
DA:218,4
DA:220,4
DA:222,4
DA:223,8
DA:225,4
DA:228,4
DA:229,4
DA:231,4
DA:233,8
DA:234,6
DA:244,1
DA:248,1
DA:251,0
DA:252,0
DA:253,0
DA:254,0
DA:256,0
DA:257,0
DA:261,1
DA:263,4
DA:266,0
DA:268,2
DA:269,2
DA:270,0
DA:271,0
DA:273,0
DA:278,2
DA:279,1
DA:280,1
DA:283,2
DA:284,1
DA:285,2
DA:286,1
DA:287,2
DA:289,2
DA:290,1
DA:291,0
DA:293,0
DA:295,0
DA:302,1
DA:308,1
DA:310,1
DA:316,0
DA:317,0
DA:323,1
DA:324,1
DA:326,1
DA:328,1
DA:329,2
DA:331,1
DA:334,1
DA:335,1
DA:337,1
DA:339,2
DA:347,0
DA:349,0
DA:350,0
DA:354,0
DA:357,0
DA:360,0
DA:368,0
DA:370,0
DA:371,0
DA:375,0
DA:378,0
DA:381,0
LF:157
LH:102
end_of_record
SF:lib/src/readers/comic/comic_info_parser.dart
DA:12,1
DA:39,1
DA:59,1
DA:60,1
DA:61,5
DA:62,6
DA:63,3
DA:65,1
DA:66,0
DA:68,2
DA:72,1
DA:73,1
DA:74,1
DA:75,1
DA:76,1
DA:77,1
DA:78,1
DA:85,0
DA:87,1
DA:89,1
DA:90,2
DA:92,1
DA:93,2
DA:94,4
DA:95,2
DA:99,1
DA:100,1
DA:101,0
DA:104,1
DA:105,2
DA:107,2
DA:108,1
DA:109,1
DA:111,1
DA:113,1
DA:114,0
DA:115,1
DA:116,1
DA:117,1
DA:120,2
DA:128,1
DA:129,1
DA:130,1
DA:131,1
DA:132,1
DA:133,1
DA:134,1
DA:135,1
DA:136,1
DA:137,1
DA:138,1
DA:139,1
DA:140,1
DA:141,1
DA:142,1
DA:143,1
LF:56
LH:52
end_of_record
SF:lib/src/readers/comic/comic_toc_extractor.dart
DA:9,0
DA:11,12
DA:17,4
DA:18,4
DA:21,4
DA:22,4
DA:27,4
DA:28,4
DA:33,4
DA:36,4
DA:37,8
DA:38,4
DA:39,8
DA:40,9
DA:41,7
DA:42,4
DA:44,12
DA:49,3
DA:50,1
DA:51,2
DA:52,1
DA:53,1
DA:54,5
DA:56,0
DA:63,2
DA:64,2
DA:65,1
DA:66,1
DA:68,3
DA:71,1
DA:74,1
DA:77,3
DA:78,1
DA:79,1
DA:81,1
DA:82,3
DA:84,1
DA:86,1
DA:87,3
DA:89,1
DA:94,1
DA:95,1
DA:96,1
DA:102,1
DA:103,1
DA:104,1
DA:105,1
DA:111,1
DA:113,1
DA:114,1
DA:115,1
DA:116,1
DA:125,1
DA:126,3
DA:130,2
DA:131,0
DA:132,0
DA:137,4
DA:138,4
DA:141,12
DA:142,8
DA:143,8
DA:146,1
DA:147,1
DA:148,2
DA:150,1
DA:152,1
DA:153,1
DA:154,1
DA:156,1
DA:166,8
DA:169,4
DA:170,4
DA:171,4
DA:173,12
DA:174,8
DA:175,4
DA:177,8
DA:178,0
DA:179,0
DA:182,8
DA:183,4
DA:184,5
DA:186,4
DA:187,4
DA:189,4
DA:199,4
DA:201,8
DA:202,8
DA:203,4
DA:204,4
DA:207,1
DA:208,1
DA:210,1
DA:212,0
DA:214,0
DA:216,0
DA:218,0
DA:220,0
DA:222,0
DA:227,1
LF:101
LH:89
end_of_record
SF:lib/src/readers/comic/image_header_parser.dart
DA:8,0
DA:12,2
DA:13,4
DA:16,4
DA:17,4
DA:18,4
DA:19,4
DA:20,2
DA:24,4
DA:25,1
DA:29,2
DA:30,2
DA:31,2
DA:32,2
DA:33,1
DA:37,0
DA:38,0
DA:39,0
DA:40,0
DA:41,0
DA:42,0
DA:43,0
DA:44,0
DA:45,0
DA:46,0
DA:50,0
DA:51,0
DA:57,2
DA:58,4
DA:59,2
DA:60,4
DA:61,4
DA:62,4
DA:63,2
DA:66,1
DA:68,1
DA:69,1
DA:71,2
DA:72,2
DA:73,0
DA:76,2
DA:78,2
DA:79,0
DA:85,2
DA:86,0
DA:87,0
DA:88,0
DA:90,2
DA:91,3
DA:92,3
DA:93,2
DA:94,1
DA:99,0
DA:100,0
DA:101,0
DA:109,1
DA:110,2
DA:111,1
DA:112,2
DA:113,2
DA:114,2
DA:115,1
DA:118,0
DA:119,0
DA:120,0
DA:123,0
DA:124,0
DA:126,0
DA:127,0
DA:128,0
DA:129,0
DA:131,0
DA:132,0
DA:133,0
DA:134,0
DA:135,0
DA:138,0
DA:140,0
DA:141,0
DA:142,0
DA:143,0
DA:144,0
DA:145,0
DA:146,0
DA:147,0
DA:153,0
DA:154,0
DA:155,0
DA:156,0
DA:157,0
DA:158,0
LF:91
LH:41
end_of_record
SF:lib/src/readers/document_reader_factory.dart
DA:20,6
DA:21,6
DA:22,6
DA:23,6
DA:24,6
DA:25,6
DA:26,6
DA:27,6
DA:28,6
DA:29,6
DA:33,6
DA:34,18
DA:36,0
DA:38,12
DA:39,18
DA:43,1
DA:44,2
DA:46,2
DA:51,6
DA:58,6
DA:63,18
DA:65,12
DA:66,6
DA:67,24
DA:68,6
DA:73,1
DA:74,1
DA:76,0
DA:77,0
DA:78,0
DA:79,0
DA:80,0
DA:81,0
DA:83,0
DA:87,0
DA:88,0
DA:95,3
DA:96,2
LF:38
LH:28
end_of_record
SF:lib/src/readers/epub_document_reader.dart
DA:19,16
DA:35,4
DA:45,4
DA:46,4
DA:47,4
DA:50,2
DA:51,6
DA:52,2
DA:53,2
DA:54,3
DA:55,2
DA:57,2
DA:60,4
DA:62,0
DA:63,0
DA:67,0
DA:68,0
DA:70,2
DA:74,2
DA:78,8
DA:81,4
DA:83,0
DA:84,0
DA:88,0
DA:90,2
DA:93,4
DA:98,4
DA:99,8
DA:100,4
DA:101,8
DA:102,12
DA:108,4
DA:109,0
DA:116,4
DA:117,4
DA:120,4
DA:121,8
DA:122,4
DA:123,4
DA:129,4
DA:131,4
DA:133,0
DA:136,8
DA:137,8
DA:138,4
DA:141,8
DA:143,4
DA:144,4
DA:145,3
DA:146,3
DA:149,4
DA:150,4
DA:151,3
DA:152,3
DA:153,4
DA:155,4
DA:156,4
DA:157,3
DA:158,3
DA:160,4
DA:161,4
DA:162,1
DA:163,1
DA:165,4
DA:166,4
DA:167,0
DA:168,0
DA:170,4
DA:171,4
DA:172,0
DA:173,0
DA:177,4
DA:178,8
DA:183,4
DA:184,0
DA:185,0
DA:195,8
DA:196,4
DA:197,4
DA:198,4
DA:199,4
DA:202,4
DA:203,4
DA:209,4
DA:210,7
DA:213,8
DA:214,0
DA:218,4
DA:219,8
DA:222,7
DA:231,3
DA:234,4
DA:246,8
DA:247,4
DA:248,4
DA:252,8
DA:253,4
DA:254,4
DA:255,4
DA:256,4
DA:257,4
DA:258,4
DA:259,4
DA:266,4
DA:274,1
DA:276,1
DA:277,0
DA:280,1
DA:281,1
DA:284,1
DA:286,2
DA:293,4
DA:294,0
DA:296,0
DA:297,0
DA:300,0
DA:301,0
DA:304,0
DA:306,0
DA:313,8
DA:314,16
DA:317,4
DA:330,3
DA:333,3
DA:336,3
DA:337,6
DA:339,3
DA:340,3
DA:342,3
DA:343,3
DA:345,3
DA:346,6
DA:348,4
DA:349,8
DA:351,1
DA:352,1
DA:354,4
DA:356,4
DA:357,12
DA:358,0
DA:359,0
DA:362,8
DA:365,8
DA:366,4
DA:368,0
DA:369,0
DA:373,12
DA:374,8
DA:375,4
DA:376,8
DA:379,0
DA:380,0
DA:386,4
DA:387,4
DA:389,2
DA:390,1
DA:395,2
DA:396,1
DA:398,1
DA:399,1
DA:404,0
DA:405,0
DA:411,0
DA:413,1
DA:416,1
DA:417,0
DA:419,2
DA:420,1
DA:421,1
DA:423,1
DA:424,1
DA:425,2
DA:426,0
DA:429,1
DA:434,1
DA:435,2
DA:438,1
DA:441,2
DA:442,3
DA:443,2
DA:448,1
DA:449,1
DA:454,2
DA:455,1
DA:456,2
DA:457,0
DA:460,2
DA:461,1
DA:462,1
DA:469,0
DA:471,4
DA:473,4
DA:474,6
DA:477,3
DA:480,3
DA:481,6
DA:486,0
DA:487,0
DA:489,1
DA:491,2
DA:492,0
DA:494,4
DA:495,0
DA:498,2
DA:499,2
DA:500,1
DA:503,2
DA:505,2
DA:506,10
DA:507,2
DA:510,7
DA:511,6
DA:512,5
DA:518,2
DA:519,4
DA:520,5
DA:528,4
DA:530,16
DA:531,4
DA:532,8
DA:533,8
DA:534,8
DA:535,8
DA:536,6
DA:539,4
DA:540,4
DA:543,4
DA:544,4
DA:545,8
DA:550,0
DA:551,0
DA:553,0
DA:554,0
DA:560,0
DA:561,0
DA:562,0
DA:565,0
DA:566,0
DA:567,0
DA:574,0
DA:577,0
DA:580,0
DA:581,0
DA:582,0
DA:583,0
DA:584,0
DA:592,4
DA:593,8
DA:594,4
DA:595,0
DA:597,8
DA:600,4
DA:601,4
DA:602,0
DA:604,8
DA:605,0
DA:607,12
DA:610,0
DA:616,0
DA:617,0
DA:620,0
DA:622,0
DA:623,0
DA:624,0
DA:627,0
DA:628,0
DA:629,0
DA:630,0
DA:631,0
DA:632,0
DA:636,0
DA:637,0
DA:638,0
DA:640,0
DA:641,0
DA:646,0
DA:648,0
DA:650,0
DA:651,0
DA:652,0
DA:663,0
DA:669,1
DA:675,1
DA:677,1
DA:678,1
DA:679,1
DA:680,2
DA:681,0
DA:682,0
DA:685,2
DA:688,1
DA:690,1
DA:691,1
DA:692,2
DA:693,2
DA:695,2
DA:696,0
DA:698,1
DA:699,1
DA:700,1
DA:705,1
DA:707,2
DA:709,0
DA:712,1
DA:713,1
DA:714,1
DA:725,1
DA:733,1
DA:734,1
DA:735,3
DA:736,1
DA:737,2
DA:739,4
DA:746,1
DA:750,2
DA:751,2
DA:752,0
LF:317
LH:227
end_of_record
SF:lib/src/readers/html_text_extractor.dart
DA:6,0
DA:8,6
DA:13,6
DA:18,6
DA:23,3
DA:25,6
DA:30,6
DA:35,6
DA:40,0
DA:42,6
DA:47,6
DA:48,6
DA:56,2
DA:62,2
DA:67,4
DA:71,4
DA:72,4
DA:74,5
DA:75,1
DA:76,3
DA:77,2
DA:80,0
DA:83,4
DA:84,0
DA:85,0
DA:86,0
DA:89,0
DA:93,4
DA:94,0
DA:95,0
DA:96,0
DA:99,0
DA:100,0
DA:101,0
DA:106,0
DA:111,4
DA:114,4
DA:117,2
DA:120,2
DA:121,4
DA:122,8
DA:123,2
DA:124,2
DA:128,2
DA:133,2
DA:134,2
DA:137,2
DA:138,2
DA:139,2
DA:141,6
DA:142,2
DA:143,2
DA:144,4
DA:145,4
DA:149,4
DA:152,4
DA:153,0
DA:154,0
DA:155,0
DA:156,0
DA:163,3
DA:183,2
DA:184,2
DA:185,3
DA:186,1
DA:187,2
DA:190,0
DA:191,0
DA:192,0
DA:193,0
DA:194,0
DA:195,0
DA:196,0
DA:197,0
DA:208,1
DA:209,2
DA:212,1
DA:213,2
LF:78
LH:52
end_of_record
SF:lib/src/readers/pdf/pdf_document_reader.dart
DA:16,4
DA:29,1
DA:31,0
DA:32,0
DA:34,0
DA:39,0
DA:40,0
DA:41,0
DA:42,0
DA:44,0
DA:47,0
DA:48,0
DA:50,3
DA:65,1
DA:73,1
DA:74,1
DA:76,1
DA:79,0
DA:80,0
DA:86,1
DA:91,3
DA:92,1
DA:93,1
DA:94,0
DA:95,0
DA:98,1
DA:100,1
DA:103,1
DA:107,1
DA:112,0
DA:113,0
DA:114,0
DA:118,0
DA:119,0
DA:120,0
DA:125,0
DA:126,0
DA:130,0
DA:131,0
DA:132,0
DA:137,0
DA:143,0
DA:144,0
DA:146,0
DA:149,0
DA:153,0
DA:158,0
DA:159,0
DA:160,0
DA:164,0
DA:165,0
DA:166,0
DA:171,0
DA:172,0
DA:176,0
DA:177,0
DA:178,0
DA:182,1
DA:187,1
DA:188,1
DA:190,1
DA:191,4
DA:192,2
DA:193,4
DA:197,1
DA:198,1
DA:200,0
DA:201,0
DA:207,1
DA:209,1
DA:211,0
DA:212,0
DA:219,2
DA:220,4
DA:223,1
DA:229,1
DA:234,1
DA:239,1
DA:240,0
DA:241,0
DA:242,0
DA:243,0
DA:244,0
DA:247,0
DA:248,0
DA:249,0
DA:250,0
DA:259,1
DA:262,1
DA:265,1
DA:266,1
DA:268,1
DA:269,1
DA:271,1
DA:272,1
DA:274,1
DA:277,1
DA:278,3
DA:280,0
DA:282,0
DA:283,0
DA:284,0
DA:287,0
DA:288,0
DA:289,0
DA:293,0
DA:295,0
DA:296,0
DA:297,0
DA:299,0
DA:300,0
DA:302,0
DA:308,0
DA:315,0
DA:316,0
DA:317,0
DA:320,0
DA:326,0
DA:331,0
DA:332,0
DA:333,0
DA:335,0
DA:336,0
DA:337,0
DA:341,0
DA:344,0
DA:345,0
DA:346,0
DA:347,0
DA:349,0
DA:351,0
DA:352,0
DA:353,0
DA:356,0
DA:361,0
DA:363,0
DA:365,1
DA:367,1
DA:368,4
DA:369,1
DA:370,2
DA:371,2
DA:372,1
DA:373,2
DA:374,1
LF:145
LH:52
end_of_record
SF:lib/src/readers/pdf/pdf_engine_manager.dart
DA:10,8
DA:16,0
DA:19,2
DA:25,1
DA:26,3
DA:30,2
DA:31,4
DA:33,2
DA:34,4
DA:36,0
DA:39,2
DA:44,2
DA:45,6
DA:47,2
DA:55,2
DA:56,2
DA:57,2
DA:58,6
DA:60,2
DA:62,4
DA:63,2
DA:68,2
DA:75,2
DA:77,4
DA:78,4
DA:80,0
DA:89,1
DA:96,1
DA:99,1
LF:29
LH:26
end_of_record
SF:lib/src/readers/pdf/pdf_image_encoder.dart
DA:9,1
DA:14,1
DA:17,1
DA:18,1
DA:24,2
LF:5
LH:5
end_of_record
SF:lib/src/readers/pdf/pdf_toc_extractor.dart
DA:8,0
DA:10,3
DA:16,3
DA:21,3
DA:27,1
DA:31,2
DA:32,1
DA:34,1
DA:35,1
DA:36,1
DA:41,2
DA:42,4
DA:43,2
DA:45,0
DA:46,0
DA:51,1
DA:53,1
DA:57,1
DA:59,1
DA:60,1
DA:64,1
DA:66,1
DA:67,1
DA:69,4
DA:70,1
DA:77,1
DA:84,1
DA:85,1
DA:86,2
DA:89,2
DA:90,2
DA:91,2
DA:92,1
DA:96,3
DA:100,1
DA:104,1
DA:111,1
DA:112,1
DA:116,2
DA:117,3
DA:119,2
DA:120,1
DA:121,1
DA:124,1
DA:130,2
DA:131,0
DA:134,2
DA:135,2
DA:137,0
DA:142,2
DA:143,1
DA:146,1
DA:147,1
DA:148,1
DA:149,1
DA:150,1
DA:158,0
DA:161,0
DA:162,0
DA:174,1
DA:175,1
DA:176,3
DA:179,2
DA:185,1
DA:186,2
DA:187,4
DA:190,1
DA:192,2
DA:193,2
DA:194,1
DA:197,0
DA:198,0
DA:199,0
DA:211,0
DA:212,0
DA:214,0
DA:215,0
DA:217,0
DA:221,0
DA:224,1
DA:230,2
DA:231,1
DA:232,2
DA:234,1
DA:236,2
DA:237,3
DA:238,1
DA:241,2
DA:243,2
DA:244,1
DA:246,4
DA:247,1
DA:250,2
DA:251,1
DA:254,1
DA:255,3
DA:256,2
DA:257,3
DA:263,1
DA:264,1
DA:265,1
DA:266,1
DA:270,0
DA:277,1
DA:282,1
DA:285,3
DA:286,3
DA:287,1
DA:292,1
DA:295,2
DA:296,4
DA:298,1
DA:300,2
DA:302,3
DA:305,1
DA:306,1
DA:309,2
DA:315,1
DA:318,2
DA:320,0
DA:325,4
DA:334,1
DA:347,1
DA:352,1
DA:354,1
DA:355,1
DA:356,1
DA:357,2
DA:358,1
DA:359,1
DA:360,5
LF:131
LH:112
end_of_record
SF:lib/src/readers/plain_text_document_reader.dart
DA:19,16
DA:27,4
DA:34,4
DA:35,4
DA:36,4
DA:39,2
DA:43,6
DA:44,2
DA:45,2
DA:46,0
DA:47,0
DA:49,2
DA:50,2
DA:58,4
DA:63,16
DA:64,4
DA:65,8
DA:66,16
DA:68,4
DA:70,8
DA:71,4
DA:74,4
DA:77,4
DA:80,4
DA:81,12
DA:83,4
DA:84,4
DA:86,12
DA:87,4
DA:88,4
DA:90,4
DA:91,4
DA:93,4
DA:95,4
DA:99,0
DA:100,12
DA:103,4
DA:112,3
DA:115,3
DA:118,3
DA:119,6
DA:121,3
DA:122,3
DA:123,6
DA:124,6
DA:125,6
DA:128,2
DA:129,2
DA:131,2
DA:134,3
DA:135,6
DA:137,0
DA:138,0
DA:140,4
DA:142,4
DA:143,16
DA:144,0
DA:147,0
DA:152,12
DA:155,0
DA:157,0
DA:161,0
DA:165,1
DA:167,1
DA:168,4
DA:169,1
DA:171,4
DA:172,4
DA:175,4
DA:182,0
DA:187,4
DA:188,4
DA:196,8
DA:197,8
DA:198,0
DA:199,0
DA:207,16
DA:215,16
DA:223,8
DA:224,4
DA:226,4
DA:230,4
DA:231,12
DA:232,0
DA:233,0
DA:236,0
DA:238,0
DA:253,0
DA:254,0
DA:255,0
DA:257,0
DA:259,0
DA:261,0
DA:262,0
DA:263,0
DA:264,0
DA:265,0
DA:279,0
DA:295,4
DA:296,1
DA:298,8
DA:299,4
DA:300,0
DA:301,0
DA:302,0
DA:303,0
DA:304,0
DA:306,0
DA:308,4
DA:309,0
DA:310,0
DA:311,0
DA:312,0
DA:313,0
DA:315,0
DA:319,4
DA:320,4
DA:321,4
DA:328,0
DA:330,12
DA:335,6
DA:340,4
DA:345,4
DA:346,4
DA:348,4
DA:352,4
DA:356,4
DA:360,4
DA:363,8
DA:365,0
DA:366,0
DA:367,0
DA:370,8
DA:372,0
DA:373,0
DA:374,0
DA:377,8
DA:379,0
DA:380,0
DA:381,0
DA:389,0
DA:390,0
DA:392,0
DA:394,0
DA:395,0
DA:398,0
DA:399,0
DA:401,0
DA:402,0
DA:405,0
DA:406,0
DA:409,4
DA:410,8
DA:411,0
DA:414,8
DA:416,6
DA:417,2
DA:420,4
DA:422,0
DA:423,0
DA:429,2
DA:430,2
DA:431,2
DA:436,2
DA:437,2
DA:438,4
DA:439,2
DA:440,2
DA:441,4
DA:444,4
DA:445,8
DA:446,8
DA:447,0
DA:449,8
DA:460,4
DA:462,12
DA:463,4
DA:475,4
DA:476,4
DA:477,4
DA:479,8
DA:480,8
DA:481,8
DA:482,2
DA:486,2
DA:489,2
DA:493,2
DA:494,2
DA:495,4
DA:496,6
DA:497,2
DA:498,6
DA:499,4
DA:500,4
DA:501,0
DA:502,2
DA:503,2
DA:506,2
DA:514,6
DA:515,2
DA:516,4
DA:517,2
DA:518,6
DA:519,6
DA:520,2
DA:521,4
DA:523,2
DA:526,2
DA:528,2
DA:529,2
DA:530,2
DA:532,2
DA:542,2
DA:544,4
DA:545,6
DA:546,6
DA:547,2
DA:549,2
DA:550,0
DA:551,0
DA:554,0
DA:561,2
DA:562,8
DA:563,8
DA:564,0
DA:565,2
DA:566,4
DA:567,6
DA:568,2
DA:569,2
DA:570,2
DA:572,2
DA:582,4
DA:587,4
DA:589,0
DA:591,12
DA:594,8
DA:595,8
DA:596,4
DA:597,4
DA:598,12
DA:601,4
DA:602,4
DA:605,4
DA:607,4
DA:608,4
DA:609,4
DA:610,4
DA:611,4
LF:249
LH:178
end_of_record
SF:lib/src/readers/single_html_document_reader.dart
DA:20,4
DA:28,1
DA:34,1
DA:37,0
DA:38,0
DA:39,0
DA:40,0
DA:41,0
DA:42,0
DA:44,0
DA:45,0
DA:46,0
DA:51,1
DA:56,1
DA:58,0
DA:59,3
DA:60,1
DA:62,1
DA:65,2
DA:69,0
DA:71,0
DA:75,0
DA:77,0
DA:78,0
DA:86,1
DA:89,1
DA:92,1
DA:93,1
DA:95,0
DA:98,0
DA:99,0
DA:101,0
DA:104,1
DA:107,0
DA:108,0
DA:109,0
DA:112,0
DA:113,0
DA:117,1
DA:119,1
DA:120,1
DA:121,0
DA:123,1
DA:126,0
DA:128,0
DA:129,0
DA:130,0
DA:131,0
DA:132,0
DA:135,0
DA:137,0
DA:139,0
DA:140,0
DA:141,0
DA:143,0
DA:146,0
DA:148,0
DA:149,0
DA:150,0
DA:151,0
LF:60
LH:18
end_of_record
SF:lib/src/theme/builtin_vscode_themes.dart
DA:6,3
DA:11,3
DA:16,3
DA:21,3
DA:26,3
DA:31,3
DA:36,3
DA:41,3
DA:46,3
DA:51,3
DA:56,3
DA:61,3
DA:66,3
DA:71,3
DA:76,3
DA:81,3
DA:82,1
DA:83,1
DA:84,1
DA:85,1
DA:86,1
DA:87,1
DA:88,1
DA:89,1
DA:90,1
DA:91,1
DA:92,1
DA:93,1
DA:94,1
DA:95,1
DA:96,1
DA:100,1
DA:101,2
DA:102,2
DA:103,3
LF:35
LH:35
end_of_record
SF:lib/src/theme/vscode_theme_color.dart
DA:11,1
DA:13,1
DA:14,1
DA:15,1
DA:18,2
DA:19,0
DA:20,0
DA:21,0
DA:22,0
DA:23,2
DA:24,0
DA:25,0
DA:26,0
DA:27,0
DA:28,0
DA:31,2
DA:32,1
DA:34,2
DA:36,2
DA:38,2
DA:39,2
DA:40,2
DA:41,2
DA:43,1
DA:52,4
DA:55,0
DA:62,1
DA:63,1
DA:66,1
DA:67,1
DA:70,1
DA:71,1
DA:72,0
DA:77,2
DA:80,1
DA:81,3
DA:84,0
DA:85,0
DA:88,0
DA:89,0
DA:90,0
DA:97,2
DA:100,2
DA:103,1
DA:104,1
DA:105,0
DA:110,2
DA:113,1
DA:114,1
DA:117,0
DA:118,0
DA:121,1
DA:122,1
DA:123,0
DA:128,1
DA:129,1
DA:132,0
DA:133,0
DA:136,0
DA:137,0
DA:140,0
DA:141,0
DA:144,0
DA:145,0
DA:148,0
DA:149,0
DA:156,2
DA:159,2
DA:162,1
DA:163,1
DA:164,0
DA:169,2
DA:172,3
DA:175,0
DA:176,0
DA:179,0
DA:180,0
DA:181,0
DA:184,0
DA:185,0
DA:188,0
DA:189,0
DA:196,2
DA:199,2
DA:202,1
DA:203,1
DA:204,0
DA:209,1
DA:210,1
DA:211,0
DA:216,0
DA:217,0
DA:218,0
DA:221,0
DA:222,0
DA:223,0
DA:228,0
DA:229,0
DA:232,0
DA:233,0
DA:236,0
DA:237,0
DA:240,0
DA:241,0
DA:242,0
DA:245,0
DA:246,0
DA:247,0
DA:250,0
DA:251,0
DA:254,0
DA:255,0
DA:258,0
DA:259,0
DA:262,0
DA:263,0
DA:266,0
DA:267,0
DA:270,0
DA:271,0
DA:272,0
DA:277,0
DA:278,0
DA:279,0
DA:286,1
DA:287,1
DA:288,1
DA:289,0
DA:292,1
DA:293,1
DA:296,0
DA:297,0
DA:300,0
DA:301,0
DA:304,0
DA:305,0
DA:306,0
DA:307,0
DA:308,0
DA:311,0
DA:312,0
DA:313,0
DA:314,0
DA:315,0
DA:318,1
DA:319,2
DA:322,3
DA:325,0
DA:326,0
DA:329,0
DA:330,0
DA:333,0
DA:334,0
DA:337,0
DA:338,0
DA:345,1
DA:346,1
DA:347,1
DA:348,2
DA:353,3
DA:356,3
DA:359,0
DA:360,0
DA:361,0
DA:364,0
DA:365,0
DA:366,0
DA:367,0
DA:370,0
DA:371,0
DA:374,0
DA:375,0
DA:378,0
DA:379,0
DA:382,0
DA:385,0
DA:386,0
DA:389,0
DA:390,0
DA:393,0
DA:396,0
DA:397,0
DA:400,0
DA:401,0
DA:404,0
DA:407,0
DA:414,1
DA:415,1
DA:416,0
DA:417,0
DA:420,0
DA:421,0
DA:422,0
DA:423,0
DA:426,1
DA:427,1
DA:428,1
DA:429,0
DA:434,1
DA:435,1
DA:436,2
DA:441,1
DA:442,1
DA:443,1
DA:444,2
DA:449,1
DA:450,2
DA:457,1
DA:458,1
DA:459,0
DA:464,0
DA:465,0
DA:468,1
DA:469,1
DA:470,0
DA:475,0
DA:476,0
DA:479,0
DA:480,0
DA:483,0
DA:484,0
DA:487,0
DA:494,1
DA:495,2
DA:498,1
DA:499,2
DA:502,0
DA:503,0
DA:506,0
DA:507,0
DA:508,0
DA:512,0
DA:517,0
DA:518,0
DA:519,0
DA:523,0
DA:528,1
DA:529,1
DA:530,1
DA:534,0
DA:541,1
DA:542,1
DA:543,0
DA:544,0
DA:545,0
DA:550,1
DA:551,1
DA:552,1
DA:553,1
DA:554,2
DA:559,1
DA:560,1
DA:561,0
DA:566,0
DA:567,0
DA:568,0
DA:573,0
DA:574,0
DA:575,0
DA:580,0
DA:581,0
DA:582,0
DA:583,0
DA:591,0
DA:592,0
DA:593,0
DA:594,0
DA:602,0
DA:603,0
DA:604,0
DA:605,0
DA:613,1
DA:614,2
DA:615,1
DA:616,1
DA:617,1
DA:618,1
DA:619,1
DA:620,1
DA:621,1
DA:622,1
DA:623,1
DA:626,1
DA:629,1
DA:635,1
DA:636,1
DA:637,1
DA:638,1
DA:639,1
DA:640,1
DA:647,1
DA:650,1
DA:656,1
DA:657,1
DA:658,1
DA:659,1
DA:660,1
DA:661,1
DA:671,2
DA:674,1
DA:675,2
DA:676,2
DA:679,1
DA:682,0
DA:684,0
DA:692,0
DA:693,0
DA:698,0
LF:308
LH:128
end_of_record
SF:lib/src/tts/sentence_segmenter.dart
DA:10,2
DA:17,0
DA:18,0
DA:20,0
DA:26,0
DA:37,2
DA:38,2
DA:39,4
DA:40,2
DA:41,2
DA:44,2
DA:47,6
DA:52,6
DA:56,2
DA:57,2
DA:58,4
DA:63,4
DA:64,0
DA:68,5
DA:69,2
DA:73,4
DA:74,0
DA:82,2
DA:84,4
DA:85,2
DA:88,2
DA:89,2
DA:90,2
DA:91,2
DA:92,2
DA:94,2
DA:95,6
DA:96,4
DA:98,2
DA:99,2
DA:103,2
DA:108,4
DA:109,4
DA:110,2
DA:113,4
DA:114,4
LF:41
LH:35
end_of_record
SF:lib/src/tts/speech_normalizer.dart
DA:8,0
DA:10,9
DA:11,9
DA:15,9
DA:16,9
DA:32,6
DA:33,9
DA:34,3
DA:37,3
DA:39,8
DA:40,2
DA:41,2
DA:42,2
DA:43,0
DA:45,2
DA:46,6
DA:51,2
DA:52,1
DA:53,1
DA:55,2
DA:56,1
DA:57,1
DA:61,2
DA:62,2
DA:66,2
DA:67,2
DA:68,1
DA:69,1
DA:71,2
DA:75,8
DA:76,2
DA:77,2
DA:78,1
DA:79,2
DA:80,1
DA:81,1
DA:82,4
DA:83,1
DA:84,2
DA:86,2
DA:88,4
DA:90,0
DA:94,8
DA:95,4
DA:97,2
DA:99,0
DA:103,7
DA:104,2
DA:106,1
DA:108,0
DA:115,3
DA:117,6
DA:118,3
DA:124,3
DA:128,6
DA:130,6
DA:131,6
DA:132,5
DA:133,5
DA:134,5
DA:135,5
DA:136,4
DA:139,3
DA:140,6
DA:141,6
DA:142,4
DA:143,3
DA:148,3
DA:149,6
DA:154,3
DA:155,3
DA:156,3
DA:158,3
DA:160,3
DA:162,6
DA:163,9
DA:164,3
DA:173,3
DA:176,6
DA:177,9
DA:178,3
DA:179,3
DA:180,12
DA:258,2
DA:259,2
DA:260,3
DA:261,2
DA:262,2
DA:263,10
DA:265,2
DA:266,2
DA:267,6
DA:268,2
DA:270,0
DA:271,0
DA:272,0
DA:273,0
DA:274,0
DA:276,0
DA:277,0
DA:278,0
DA:279,0
DA:280,0
DA:282,0
DA:286,2
DA:287,4
DA:288,1
DA:289,1
DA:290,1
DA:291,4
DA:293,1
DA:294,1
DA:295,1
DA:296,1
DA:298,2
DA:299,2
DA:300,2
DA:301,2
DA:303,0
DA:306,2
DA:307,0
DA:308,0
DA:309,0
DA:312,1
DA:313,1
DA:314,2
DA:315,1
DA:316,2
LF:128
LH:108
end_of_record
SF:lib/src/tts/tts_chunker.dart
DA:18,0
DA:21,2
DA:28,0
DA:29,2
DA:33,2
DA:34,6
DA:35,6
DA:36,2
DA:38,2
DA:42,2
DA:46,6
DA:47,2
DA:48,2
DA:50,2
DA:52,2
DA:53,2
DA:55,2
DA:56,2
DA:58,2
DA:59,2
DA:73,2
DA:76,0
DA:77,0
DA:78,0
DA:79,0
DA:81,0
DA:82,0
DA:84,0
DA:85,0
DA:99,0
DA:101,0
DA:104,0
DA:105,0
DA:106,0
DA:108,0
DA:109,0
DA:110,0
DA:111,0
DA:112,0
DA:113,0
DA:114,0
DA:115,0
DA:117,0
DA:118,0
DA:132,0
DA:133,0
DA:137,0
DA:138,0
DA:140,0
DA:141,0
DA:142,0
DA:143,0
DA:144,0
DA:145,0
DA:146,0
DA:148,0
DA:149,0
DA:163,0
DA:169,4
LF:59
LH:20
end_of_record
SF:lib/src/audio/pcm.dart
DA:19,6
DA:24,4
DA:26,0
DA:27,0
DA:29,0
DA:34,2
DA:39,4
DA:41,4
DA:43,2
DA:44,6
DA:45,6
DA:50,4
DA:53,8
DA:54,6
DA:60,6
DA:61,8
DA:65,2
DA:69,1
DA:74,2
DA:75,5
DA:76,1
DA:78,2
DA:79,2
DA:80,1
DA:81,2
DA:82,3
LF:26
LH:23
end_of_record
SF:lib/src/audio/prosody.dart
DA:10,0
DA:39,1
DA:41,0
DA:42,0
DA:44,0
DA:56,1
DA:57,1
DA:58,1
DA:62,1
DA:63,1
DA:64,1
DA:65,1
DA:66,1
DA:67,1
DA:68,1
DA:69,1
DA:70,1
DA:71,1
DA:72,1
DA:73,1
DA:74,1
DA:75,4
DA:78,1
DA:80,3
DA:84,3
DA:86,1
DA:87,1
DA:88,1
DA:89,1
DA:92,1
DA:93,1
DA:94,1
DA:95,1
DA:96,1
DA:99,1
DA:100,1
DA:101,1
DA:102,1
DA:103,1
DA:104,1
DA:105,1
DA:108,1
DA:109,1
DA:110,1
DA:111,0
DA:128,1
DA:135,1
DA:136,1
DA:139,1
DA:143,2
DA:144,1
DA:145,2
DA:148,1
DA:151,2
DA:152,3
DA:153,1
DA:154,1
DA:156,1
DA:158,2
DA:159,1
DA:164,1
DA:165,1
DA:167,0
DA:168,0
DA:170,2
DA:172,1
DA:175,2
DA:176,0
DA:177,0
DA:178,0
DA:188,1
DA:193,2
DA:194,0
DA:196,4
DA:197,2
DA:198,1
DA:208,1
DA:221,1
DA:222,1
DA:223,1
DA:227,2
DA:228,1
DA:231,2
DA:232,1
DA:240,2
DA:243,0
DA:244,0
DA:248,2
LF:88
LH:75
end_of_record
SF:lib/src/audio/timing.dart
DA:22,2
DA:23,2
DA:24,10
DA:29,1
DA:30,1
DA:31,2
DA:35,1
DA:36,1
DA:37,3
DA:41,1
DA:42,1
DA:43,2
DA:44,1
DA:47,1
DA:52,2
DA:53,1
DA:57,1
DA:60,1
DA:62,1
DA:63,1
LF:20
LH:20
end_of_record
SF:lib/src/extensions/bytes_extensions.dart
DA:11,2
DA:14,1
DA:15,1
DA:21,1
DA:24,1
DA:27,1
DA:28,1
LF:7
LH:7
end_of_record
SF:lib/src/extensions/string_extensions.dart
DA:15,1
DA:19,1
DA:28,2
DA:31,1
DA:32,1
DA:35,2
DA:42,2
DA:45,1
DA:46,1
DA:49,2
DA:52,0
DA:53,0
DA:56,0
DA:59,2
DA:62,1
DA:63,1
DA:66,1
DA:71,1
LF:18
LH:15
end_of_record
SF:lib/src/transformers/footnote_transformer.dart
DA:7,4
DA:9,0
DA:12,2
DA:17,1
DA:19,1
DA:21,2
DA:22,0
DA:23,0
DA:24,0
DA:26,0
DA:27,0
DA:29,0
DA:36,1
DA:37,1
DA:38,1
DA:42,1
DA:43,2
DA:44,1
DA:45,1
DA:47,1
DA:48,2
DA:49,2
LF:22
LH:15
end_of_record
SF:lib/src/transformers/bidi_sanitizer_transformer.dart
DA:6,4
DA:8,0
DA:11,0
DA:16,1
DA:18,2
DA:19,1
DA:22,0
DA:23,0
DA:24,0
DA:25,0
LF:10
LH:4
end_of_record
SF:lib/src/transformers/html_cleanup_transformer.dart
DA:7,4
DA:9,0
DA:12,1
DA:14,1
DA:15,1
DA:18,1
DA:21,2
DA:26,1
DA:27,1
DA:29,1
DA:35,2
DA:36,1
DA:37,1
DA:39,1
DA:40,1
DA:43,1
DA:47,1
DA:48,1
DA:49,1
DA:51,2
DA:52,1
DA:53,1
DA:55,1
DA:56,1
DA:58,3
DA:59,3
DA:62,2
DA:65,1
DA:66,1
DA:67,1
DA:68,1
DA:72,2
DA:75,1
LF:33
LH:32
end_of_record
SF:lib/src/transformers/nbsp_transformer.dart
DA:7,4
DA:9,0
DA:12,2
DA:74,2
DA:79,1
DA:81,2
DA:82,2
DA:83,0
DA:85,1
DA:87,4
DA:88,4
DA:89,1
DA:90,0
DA:91,2
DA:95,0
DA:98,1
DA:99,2
DA:100,1
DA:101,1
DA:102,1
DA:103,1
DA:104,2
DA:105,1
DA:106,2
DA:113,1
DA:114,1
DA:119,1
DA:120,0
DA:122,1
DA:126,1
DA:127,0
DA:128,0
DA:129,0
DA:130,0
DA:131,0
DA:132,0
DA:141,4
LF:37
LH:26
end_of_record
SF:lib/src/transformers/punctuation_transformer.dart
DA:7,4
DA:9,0
DA:45,1
DA:47,2
DA:48,1
DA:51,0
DA:53,0
DA:54,0
DA:55,0
DA:56,0
DA:57,0
DA:58,0
DA:59,0
DA:63,0
DA:64,0
DA:68,0
DA:69,0
LF:17
LH:4
end_of_record
SF:lib/src/transformers/text_chunker.dart
DA:6,0
DA:9,0
DA:16,0
DA:18,0
DA:22,0
LF:5
LH:0
end_of_record
SF:lib/src/transformers/text_transform_pipeline.dart
DA:22,4
DA:38,1
DA:39,1
DA:41,2
DA:43,2
DA:44,1
DA:46,0
LF:7
LH:6
end_of_record
SF:lib/src/transformers/whitespace_transformer.dart
DA:7,4
DA:9,0
DA:12,0
DA:13,0
DA:15,0
DA:16,0
DA:18,1
DA:20,2
DA:22,0
DA:23,0
DA:24,0
DA:27,0
DA:30,0
DA:31,0
DA:32,0
DA:34,0
DA:35,0
DA:38,0
DA:39,0
DA:42,0
DA:44,0
DA:45,0
DA:47,0
DA:48,0
LF:24
LH:3
end_of_record
